<?xml version="1.0" encoding="UTF-8"?>
<!-- Generated by org.testng.reporters.JUnitReportReporter -->
<testsuite skipped="0" hostname="LPT-SKODHA.local" name="logintest.LoginTest" tests="1" failures="0" timestamp="16 Jul 2018 05:14:28 GMT" time="8.356" errors="0">
  <testcase name="test_login" time="8.356" classname="logintest.LoginTest"/>
</testsuite> <!-- logintest.LoginTest -->
