<?xml version="1.0" encoding="UTF-8"?>
<!-- Generated by org.testng.reporters.JUnitReportReporter -->
<testsuite skipped="0" hostname="LPT-SKODHA.local" name="logintest.SignUpAndLoginTest" tests="1" failures="0" timestamp="16 Jul 2018 07:07:26 GMT" time="24.747" errors="0">
  <testcase name="test_login" time="24.747" classname="logintest.SignUpAndLoginTest"/>
</testsuite> <!-- logintest.SignUpAndLoginTest -->
